<?xml version="1.0" encoding="UTF-8"?>
<!-- Generated by org.testng.reporters.JUnitXMLReporter -->
<testsuite hostname="ITSWAYAMB460" ignored="0" name="Functional_Test" tests="3" failures="0" timestamp="24 Feb 2019 14:03:11 GMT" time="12.802" errors="0">
  <testcase name="loginToMercuryTours" time="4.118" classname="com.demoaut.newtours.testcases.LoginTest"/>
  <testcase name="findFlightTest" time="0.897" classname="com.demoaut.newtours.testcases.LoginTest"/>
  <testcase name="selectFlightTest" time="0.696" classname="com.demoaut.newtours.testcases.LoginTest"/>
</testsuite> <!-- Functional_Test -->
