<?xml version="1.0" encoding="UTF-8"?>
<testng-results skipped="0" failed="0" ignored="0" total="3" passed="3">
  <reporter-output>
    <line>
      <![CDATA[Browser Opened]]>
    </line>
  </reporter-output>
  <suite name="Flight_Reservation_Functional_Test" duration-ms="10395" started-at="2019-07-01T02:37:28Z" finished-at="2019-07-01T02:37:38Z">
    <groups>
    </groups>
    <test name="Functional_Test" duration-ms="10395" started-at="2019-07-01T02:37:28Z" finished-at="2019-07-01T02:37:38Z">
      <class name="com.demoaut.newtours.testcases.LoginTest">
        <test-method status="PASS" signature="launchBrowser(java.lang.String)[pri:0, instance:com.demoaut.newtours.testcases.LoginTest@ae45eb6]" name="launchBrowser" is-config="true" duration-ms="3075" started-at="2019-07-01T02:37:28Z" finished-at="2019-07-01T02:37:31Z">
          <params>
            <param index="0">
              <value>
                <![CDATA[chrome]]>
              </value>
            </param>
          </params>
          <reporter-output>
            <line>
              <![CDATA[Browser Opened]]>
            </line>
          </reporter-output>
        </test-method> <!-- launchBrowser -->
        <test-method status="PASS" signature="loginToMercuryTours()[pri:1, instance:com.demoaut.newtours.testcases.LoginTest@ae45eb6]" name="loginToMercuryTours" duration-ms="5753" started-at="2019-07-01T02:37:31Z" description="Description: Testing if user is abole to login to Mecrcury Tours" finished-at="2019-07-01T02:37:37Z">
          <reporter-output>
          </reporter-output>
        </test-method> <!-- loginToMercuryTours -->
        <test-method status="PASS" signature="findFlightTest()[pri:2, instance:com.demoaut.newtours.testcases.LoginTest@ae45eb6]" name="findFlightTest" duration-ms="761" started-at="2019-07-01T02:37:37Z" depends-on-methods="com.demoaut.newtours.testcases.LoginTest.loginToMercuryTours" finished-at="2019-07-01T02:37:38Z">
          <reporter-output>
          </reporter-output>
        </test-method> <!-- findFlightTest -->
        <test-method status="PASS" signature="selectFlightTest()[pri:3, instance:com.demoaut.newtours.testcases.LoginTest@ae45eb6]" name="selectFlightTest" duration-ms="714" started-at="2019-07-01T02:37:38Z" finished-at="2019-07-01T02:37:38Z">
          <reporter-output>
          </reporter-output>
        </test-method> <!-- selectFlightTest -->
        <test-method status="PASS" signature="tearDown()[pri:0, instance:com.demoaut.newtours.testcases.LoginTest@ae45eb6]" name="tearDown" is-config="true" duration-ms="76" started-at="2019-07-01T02:37:38Z" finished-at="2019-07-01T02:37:38Z">
          <reporter-output>
          </reporter-output>
        </test-method> <!-- tearDown -->
      </class> <!-- com.demoaut.newtours.testcases.LoginTest -->
    </test> <!-- Functional_Test -->
  </suite> <!-- Flight_Reservation_Functional_Test -->
</testng-results>
